Using device: cuda:0

#######################################################################
Please cite the following paper when using nnU-Net:
Isensee, F., Jaeger, P. F., Kohl, S. A., Petersen, J., & Maier-Hein, K. H. (2021). nnU-Net: a self-configuring method for deep learning-based biomedical image segmentation. Nature methods, 18(2), 203-211.
#######################################################################


This is the configuration used by this training:
Configuration name: 2d
 {'data_identifier': 'nnUNetPlans_2d', 'preprocessor_name': 'DefaultPreprocessor', 'batch_size': 49, 'patch_size': [256, 256], 'median_image_size_in_voxels': [256.0, 256.0], 'spacing': [1.0, 1.0], 'normalization_schemes': ['ZScoreNormalization'], 'use_mask_for_norm': [False], 'UNet_class_name': 'PlainConvUNet', 'UNet_base_num_features': 32, 'n_conv_per_stage_encoder': [2, 2, 2, 2, 2, 2, 2], 'n_conv_per_stage_decoder': [2, 2, 2, 2, 2, 2], 'num_pool_per_axis': [6, 6], 'pool_op_kernel_sizes': [[1, 1], [2, 2], [2, 2], [2, 2], [2, 2], [2, 2], [2, 2]], 'conv_kernel_sizes': [[3, 3], [3, 3], [3, 3], [3, 3], [3, 3], [3, 3], [3, 3]], 'unet_max_num_features': 512, 'resampling_fn_data': 'resample_data_or_seg_to_shape', 'resampling_fn_seg': 'resample_data_or_seg_to_shape', 'resampling_fn_data_kwargs': {'is_seg': False, 'order': 3, 'order_z': 0, 'force_separate_z': None}, 'resampling_fn_seg_kwargs': {'is_seg': True, 'order': 1, 'order_z': 0, 'force_separate_z': None}, 'resampling_fn_probabilities': 'resample_data_or_seg_to_shape', 'resampling_fn_probabilities_kwargs': {'is_seg': False, 'order': 1, 'order_z': 0, 'force_separate_z': None}, 'batch_dice': True} 

These are the global plan.json settings:
 {'dataset_name': 'Dataset011_Melanoma', 'plans_name': 'nnUNetPlans', 'original_median_spacing_after_transp': [1.0, 1.0, 1.0], 'original_median_shape_after_transp': [3, 256, 256], 'image_reader_writer': 'SimpleITKIO', 'transpose_forward': [0, 1, 2], 'transpose_backward': [0, 1, 2], 'experiment_planner_used': 'ExperimentPlanner', 'label_manager': 'LabelManager', 'foreground_intensity_properties_per_channel': {'0': {'max': 255.0, 'mean': 155.04945373535156, 'median': 158.0, 'min': 0.0, 'percentile_00_5': 10.0, 'percentile_99_5': 253.0, 'std': 47.13301086425781}}} 

2023-10-19 15:57:50.548997: unpacking dataset...
multiprocessing.pool.RemoteTraceback: 
"""
Traceback (most recent call last):
  File "/sw/arch/RHEL8/EB_production/2022/software/Python/3.10.4-GCCcore-11.3.0/lib/python3.10/multiprocessing/pool.py", line 125, in worker
    result = (True, func(*args, **kwds))
  File "/sw/arch/RHEL8/EB_production/2022/software/Python/3.10.4-GCCcore-11.3.0/lib/python3.10/multiprocessing/pool.py", line 51, in starmapstar
    return list(itertools.starmap(args[0], args[1]))
  File "/gpfs/home4/scur0404/projects/MelanomaDetectionAndSegmentation/nnUNet/nnunetv2/training/dataloading/utils.py", line 15, in _convert_to_npy
    np.save(npz_file[:-3] + "npy", a['data'])
  File "/home/scur0404/.local/lib/python3.10/site-packages/numpy/lib/npyio.py", line 546, in save
    format.write_array(fid, arr, allow_pickle=allow_pickle,
  File "/home/scur0404/.local/lib/python3.10/site-packages/numpy/lib/format.py", line 730, in write_array
    array.tofile(fp)
OSError: 196608 requested and 0 written
"""

The above exception was the direct cause of the following exception:

Traceback (most recent call last):
  File "/home/scur0404/.local/bin/nnUNetv2_train", line 8, in <module>
    sys.exit(run_training_entry())
  File "/gpfs/home4/scur0404/projects/MelanomaDetectionAndSegmentation/nnUNet/nnunetv2/run/run_training.py", line 268, in run_training_entry
    run_training(args.dataset_name_or_id, args.configuration, args.fold, args.tr, args.p, args.pretrained_weights,
  File "/gpfs/home4/scur0404/projects/MelanomaDetectionAndSegmentation/nnUNet/nnunetv2/run/run_training.py", line 204, in run_training
    nnunet_trainer.run_training()
  File "/gpfs/home4/scur0404/projects/MelanomaDetectionAndSegmentation/nnUNet/nnunetv2/training/nnUNetTrainer/nnUNetTrainer.py", line 1234, in run_training
    self.on_train_start()
  File "/gpfs/home4/scur0404/projects/MelanomaDetectionAndSegmentation/nnUNet/nnunetv2/training/nnUNetTrainer/nnUNetTrainer.py", line 806, in on_train_start
    unpack_dataset(self.preprocessed_dataset_folder, unpack_segmentation=True, overwrite_existing=False,
  File "/gpfs/home4/scur0404/projects/MelanomaDetectionAndSegmentation/nnUNet/nnunetv2/training/dataloading/utils.py", line 33, in unpack_dataset
    p.starmap(_convert_to_npy, zip(npz_files,
  File "/sw/arch/RHEL8/EB_production/2022/software/Python/3.10.4-GCCcore-11.3.0/lib/python3.10/multiprocessing/pool.py", line 372, in starmap
    return self._map_async(func, iterable, starmapstar, chunksize).get()
  File "/sw/arch/RHEL8/EB_production/2022/software/Python/3.10.4-GCCcore-11.3.0/lib/python3.10/multiprocessing/pool.py", line 771, in get
    raise self._value
OSError: 196608 requested and 0 written

JOB STATISTICS
==============
Job ID: 4216043
Cluster: snellius
User/Group: scur0404/scur0404
State: RUNNING
Nodes: 1
Cores per node: 18
CPU Utilized: 00:00:39
CPU Efficiency: 6.02% of 00:10:48 core-walltime
Job Wall-clock time: 00:00:36
Memory Utilized: 1.19 MB
Memory Efficiency: 0.00% of 31.25 GB
WARNING: Efficiency statistics may be misleading for RUNNING jobs.
